2024-11-25 05:34:43.927 [info] [main] Log level: Info
2024-11-25 05:34:43.927 [info] [main] Validating found git in: "git"
2024-11-25 05:34:43.927 [info] [main] Using git "2.34.1" from "git"
2024-11-25 05:34:43.927 [info] [Model][doInitialScan] Initial repository scan started
2024-11-25 05:34:43.927 [info] > git rev-parse --show-toplevel [244ms]
2024-11-25 05:34:43.958 [info] > git rev-parse --show-toplevel [14ms]
2024-11-25 05:34:43.978 [info] > git rev-parse --show-toplevel [1ms]
2024-11-25 05:34:44.020 [info] > git rev-parse --show-toplevel [11ms]
2024-11-25 05:34:44.048 [info] > git rev-parse --show-toplevel [7ms]
2024-11-25 05:34:44.080 [info] > git rev-parse --show-toplevel [1ms]
2024-11-25 05:34:44.117 [info] [Model][doInitialScan] Initial repository scan completed - repositories (0), closed repositories (0), parent repositories (1), unsafe repositories (0)
2024-11-25 05:34:58.617 [info] > git rev-parse --show-toplevel [1ms]
2024-11-25 05:35:37.878 [info] > git rev-parse --show-toplevel [2ms]
2024-11-25 05:35:45.814 [info] > git rev-parse --show-toplevel [2ms]
2024-11-25 05:35:46.490 [info] > git rev-parse --show-toplevel [5ms]
2024-11-25 05:35:48.893 [info] > git rev-parse --show-toplevel [4ms]
2024-11-25 05:35:51.361 [info] > git rev-parse --show-toplevel [0ms]
2024-11-25 05:35:59.412 [info] > git rev-parse --show-toplevel [6ms]
2024-11-25 05:41:56.597 [info] > git rev-parse --show-toplevel [1ms]
2024-11-25 05:42:08.206 [info] > git rev-parse --show-toplevel [1ms]
2024-11-25 05:44:49.890 [info] > git rev-parse --show-toplevel [1ms]
2024-11-25 05:44:54.122 [info] > git rev-parse --show-toplevel [3ms]
2024-11-25 05:46:38.740 [info] > git rev-parse --show-toplevel [5ms]
2024-11-25 05:46:40.134 [info] > git rev-parse --show-toplevel [2ms]
2024-11-25 05:46:45.694 [info] > git rev-parse --show-toplevel [1ms]
2024-11-25 05:52:11.986 [info] > git rev-parse --show-toplevel [0ms]
2024-11-25 05:52:12.608 [info] > git rev-parse --show-toplevel [1ms]
2024-11-25 05:52:51.126 [info] > git rev-parse --show-toplevel [0ms]
2024-11-25 05:53:13.498 [info] > git rev-parse --show-toplevel [3ms]
2024-11-25 05:53:20.747 [info] > git rev-parse --show-toplevel [7ms]
2024-11-25 05:53:39.972 [info] > git rev-parse --show-toplevel [1ms]
2024-11-25 05:57:04.858 [info] > git rev-parse --show-toplevel [3ms]
2024-11-25 05:57:15.412 [info] > git rev-parse --show-toplevel [2ms]
2024-11-25 05:58:30.464 [info] > git rev-parse --show-toplevel [2ms]
2024-11-25 05:58:30.468 [info] > git rev-parse --show-toplevel [1ms]
2024-11-25 05:58:32.611 [info] > git rev-parse --show-toplevel [1ms]
2024-11-25 07:03:33.522 [info] > git rev-parse --show-toplevel [1ms]
2024-11-25 07:03:40.294 [info] > git rev-parse --show-toplevel [3ms]
2024-11-25 07:03:44.900 [info] > git rev-parse --show-toplevel [1ms]
2024-11-25 07:03:52.033 [info] > git rev-parse --show-toplevel [1ms]
2024-11-25 07:04:43.027 [info] > git rev-parse --show-toplevel [2ms]
2024-11-25 07:04:46.943 [info] > git rev-parse --show-toplevel [1ms]
2024-11-25 07:04:51.117 [info] > git rev-parse --show-toplevel [1ms]
2024-11-25 07:04:54.076 [info] > git rev-parse --show-toplevel [1ms]
2024-11-25 07:05:24.901 [info] > git rev-parse --show-toplevel [2ms]
2024-11-25 07:05:26.155 [info] > git rev-parse --show-toplevel [2ms]
2024-11-25 07:05:32.338 [info] > git rev-parse --show-toplevel [2ms]
