
> openvidu-react@2.30.0 start
> react-scripts --openssl-legacy-provider start

[34mℹ[39m [90m｢wds｣[39m: Project is running at http://172.31.11.46/
[34mℹ[39m [90m｢wds｣[39m: webpack output is served from 
[34mℹ[39m [90m｢wds｣[39m: Content not from webpack is served from /home/ubuntu/openvidu-tutorials/openvidu-react/public
[34mℹ[39m [90m｢wds｣[39m: 404s will fallback to /
Starting the development server...

Compiled successfully!

You can now view openvidu-react in the browser.

  Local:            http://localhost:3000
  On Your Network:  http://172.31.11.46:3000

Note that the development build is not optimized.
To create a production build, use npm run build.


> openvidu-react@2.30.0 start
> react-scripts --openssl-legacy-provider start


> openvidu-react@2.30.0 start
> react-scripts --openssl-legacy-provider start


> openvidu-react@2.30.0 start
> react-scripts --openssl-legacy-provider start

[34mℹ[39m [90m｢wds｣[39m: Project is running at http://172.31.11.46/
[34mℹ[39m [90m｢wds｣[39m: webpack output is served from 
[34mℹ[39m [90m｢wds｣[39m: Content not from webpack is served from /home/ubuntu/openvidu-tutorials/openvidu-react/public
[34mℹ[39m [90m｢wds｣[39m: 404s will fallback to /
Starting the development server...

Compiled successfully!

You can now view openvidu-react in the browser.

  Local:            http://localhost:3000
  On Your Network:  http://172.31.11.46:3000

Note that the development build is not optimized.
To create a production build, use npm run build.


> openvidu-react@2.30.0 start
> react-scripts --openssl-legacy-provider start

[34mℹ[39m [90m｢wds｣[39m: Project is running at http://172.31.11.46/
[34mℹ[39m [90m｢wds｣[39m: webpack output is served from 
[34mℹ[39m [90m｢wds｣[39m: Content not from webpack is served from /home/ubuntu/openvidu-tutorials/openvidu-react/public
[34mℹ[39m [90m｢wds｣[39m: 404s will fallback to /
Starting the development server...

Compiled successfully!

You can now view openvidu-react in the browser.

  Local:            http://localhost:3000
  On Your Network:  http://172.31.11.46:3000

Note that the development build is not optimized.
To create a production build, use npm run build.


> openvidu-react@2.30.0 start
> react-scripts --openssl-legacy-provider start

[34mℹ[39m [90m｢wds｣[39m: Project is running at http://172.31.11.46/
[34mℹ[39m [90m｢wds｣[39m: webpack output is served from 
[34mℹ[39m [90m｢wds｣[39m: Content not from webpack is served from /home/ubuntu/openvidu-tutorials/openvidu-react/public
[34mℹ[39m [90m｢wds｣[39m: 404s will fallback to /
Starting the development server...

Compiled successfully!

You can now view openvidu-react in the browser.

  Local:            http://localhost:3000
  On Your Network:  http://172.31.11.46:3000

Note that the development build is not optimized.
To create a production build, use npm run build.


> openvidu-react@2.30.0 start
> react-scripts --openssl-legacy-provider start

[34mℹ[39m [90m｢wds｣[39m: Project is running at http://172.31.11.46/
[34mℹ[39m [90m｢wds｣[39m: webpack output is served from 
[34mℹ[39m [90m｢wds｣[39m: Content not from webpack is served from /home/ubuntu/openvidu-tutorials/openvidu-react/public
[34mℹ[39m [90m｢wds｣[39m: 404s will fallback to /
Starting the development server...

Compiled successfully!

You can now view openvidu-react in the browser.

  Local:            http://localhost:3000
  On Your Network:  http://172.31.11.46:3000

Note that the development build is not optimized.
To create a production build, use npm run build.


> openvidu-react@2.30.0 start
> react-scripts --openssl-legacy-provider start

[34mℹ[39m [90m｢wds｣[39m: Project is running at http://172.31.11.46/
[34mℹ[39m [90m｢wds｣[39m: webpack output is served from 
[34mℹ[39m [90m｢wds｣[39m: Content not from webpack is served from /home/ubuntu/openvidu-tutorials/openvidu-react/public
[34mℹ[39m [90m｢wds｣[39m: 404s will fallback to /
Starting the development server...

Compiled successfully!

You can now view openvidu-react in the browser.

  Local:            http://localhost:3000
  On Your Network:  http://172.31.11.46:3000

Note that the development build is not optimized.
To create a production build, use npm run build.


> openvidu-react@2.30.0 start
> react-scripts --openssl-legacy-provider start

[34mℹ[39m [90m｢wds｣[39m: Project is running at http://172.31.11.46/
[34mℹ[39m [90m｢wds｣[39m: webpack output is served from 
[34mℹ[39m [90m｢wds｣[39m: Content not from webpack is served from /home/ubuntu/openvidu-tutorials/openvidu-react/public
[34mℹ[39m [90m｢wds｣[39m: 404s will fallback to /
Starting the development server...

Compiled successfully!

You can now view openvidu-react in the browser.

  Local:            http://localhost:3000
  On Your Network:  http://172.31.11.46:3000

Note that the development build is not optimized.
To create a production build, use npm run build.

Compiling...
Compiled successfully!
Compiling...
Compiled successfully!
Compiling...
Compiled successfully!
Compiling...
Compiled successfully!
Compiling...
Compiled successfully!
Compiling...
Compiled successfully!
Compiling...
Failed to compile.

src/components/Elements/TestChat/TestChat.jsx
Syntax error: Unexpected token (80:4)

  78 |       timersocket.off("phaseChange", handlePhaseChange);
  79 |     };
> 80 |   }, [roomNumber, username, timersocket]);
     |    ^
  81 |
  82 |   const repeatIncreaseVoteCount = (roomNumber, username, n) => {
  83 |     for (let i = 0; i < n; i++) {
Compiling...
Failed to compile.

src/components/Elements/TestChat/TestChat.jsx
Syntax error: Unexpected token (80:4)

  78 |       timersocket.off("phaseChange", handlePhaseChange);
  79 |     };
> 80 |   }, [roomNumber, username, timersocket, session]);
     |    ^
  81 |
  82 |   const repeatIncreaseVoteCount = (roomNumber, username, n) => {
  83 |     for (let i = 0; i < n; i++) {
Compiling...
Failed to compile.

src/components/Elements/TestChat/TestChat.jsx
Syntax error: Unexpected token (85:4)

  83 |       }
  84 |   };
> 85 |   }, [roomNumber, username, timersocket, session]);
     |    ^
  86 |
  87 |   const repeatIncreaseVoteCount = (roomNumber, username, n) => {
  88 |     for (let i = 0; i < n; i++) {
Compiling...
Failed to compile.

src/components/Elements/TestChat/TestChat.jsx
Syntax error: Unexpected token (85:4)

  83 |       }
  84 |     };
> 85 |   }, [roomNumber, username, timersocket, session]);
     |    ^
  86 |
  87 |   const repeatIncreaseVoteCount = (roomNumber, username, n) => {
  88 |     for (let i = 0; i < n; i++) {
Compiling...

> openvidu-react@2.30.0 start
> react-scripts --openssl-legacy-provider start

[34mℹ[39m [90m｢wds｣[39m: Project is running at http://172.31.11.46/
[34mℹ[39m [90m｢wds｣[39m: webpack output is served from 
[34mℹ[39m [90m｢wds｣[39m: Content not from webpack is served from /home/ubuntu/openvidu-tutorials/openvidu-react/public
[34mℹ[39m [90m｢wds｣[39m: 404s will fallback to /
Starting the development server...

Compiled successfully!

You can now view openvidu-react in the browser.

  Local:            http://localhost:3000
  On Your Network:  http://172.31.11.46:3000

Note that the development build is not optimized.
To create a production build, use npm run build.

Compiling...
Compiled successfully!

> openvidu-react@2.30.0 start
> react-scripts --openssl-legacy-provider start

[34mℹ[39m [90m｢wds｣[39m: Project is running at http://172.31.11.46/
[34mℹ[39m [90m｢wds｣[39m: webpack output is served from 
[34mℹ[39m [90m｢wds｣[39m: Content not from webpack is served from /home/ubuntu/openvidu-tutorials/openvidu-react/public
[34mℹ[39m [90m｢wds｣[39m: 404s will fallback to /
Starting the development server...

Compiled successfully!

You can now view openvidu-react in the browser.

  Local:            http://localhost:3000
  On Your Network:  http://172.31.11.46:3000

Note that the development build is not optimized.
To create a production build, use npm run build.

Compiling...
Compiled successfully!

> openvidu-react@2.30.0 start
> react-scripts --openssl-legacy-provider start

[34mℹ[39m [90m｢wds｣[39m: Project is running at http://172.31.11.46/
[34mℹ[39m [90m｢wds｣[39m: webpack output is served from 
[34mℹ[39m [90m｢wds｣[39m: Content not from webpack is served from /home/ubuntu/openvidu-tutorials/openvidu-react/public
[34mℹ[39m [90m｢wds｣[39m: 404s will fallback to /
Starting the development server...

Compiled successfully!

You can now view openvidu-react in the browser.

  Local:            http://localhost:3000
  On Your Network:  http://172.31.11.46:3000

Note that the development build is not optimized.
To create a production build, use npm run build.

Compiling...
Compiled successfully!

> openvidu-react@2.30.0 start
> react-scripts --openssl-legacy-provider start

[34mℹ[39m [90m｢wds｣[39m: Project is running at http://172.31.11.46/
[34mℹ[39m [90m｢wds｣[39m: webpack output is served from 
[34mℹ[39m [90m｢wds｣[39m: Content not from webpack is served from /home/ubuntu/openvidu-tutorials/openvidu-react/public
[34mℹ[39m [90m｢wds｣[39m: 404s will fallback to /
Starting the development server...

Compiled successfully!

You can now view openvidu-react in the browser.

  Local:            http://localhost:3000
  On Your Network:  http://172.31.11.46:3000

Note that the development build is not optimized.
To create a production build, use npm run build.

Compiling...
Compiled successfully!
Compiling...
Compiled successfully!
Compiling...
Compiled successfully!
Compiling...
Compiled successfully!
Compiling...
Compiled successfully!
Compiling...
Compiled successfully!

> openvidu-react@2.30.0 start
> react-scripts --openssl-legacy-provider start

[34mℹ[39m [90m｢wds｣[39m: Project is running at http://172.31.11.46/
[34mℹ[39m [90m｢wds｣[39m: webpack output is served from 
[34mℹ[39m [90m｢wds｣[39m: Content not from webpack is served from /home/ubuntu/openvidu-tutorials/openvidu-react/public
[34mℹ[39m [90m｢wds｣[39m: 404s will fallback to /
Starting the development server...

Compiled successfully!

You can now view openvidu-react in the browser.

  Local:            http://localhost:3000
  On Your Network:  http://172.31.11.46:3000

Note that the development build is not optimized.
To create a production build, use npm run build.

Compiling...
Compiled successfully!
Compiling...
Compiled successfully!

> openvidu-react@2.30.0 start
> react-scripts --openssl-legacy-provider start

[34mℹ[39m [90m｢wds｣[39m: Project is running at http://172.31.11.46/
[34mℹ[39m [90m｢wds｣[39m: webpack output is served from 
[34mℹ[39m [90m｢wds｣[39m: Content not from webpack is served from /home/ubuntu/openvidu-tutorials/openvidu-react/public
[34mℹ[39m [90m｢wds｣[39m: 404s will fallback to /
Starting the development server...

Compiled successfully!

You can now view openvidu-react in the browser.

  Local:            http://localhost:3000
  On Your Network:  http://172.31.11.46:3000

Note that the development build is not optimized.
To create a production build, use npm run build.


> openvidu-react@2.30.0 start
> react-scripts --openssl-legacy-provider start

[34mℹ[39m [90m｢wds｣[39m: Project is running at http://172.31.11.46/
[34mℹ[39m [90m｢wds｣[39m: webpack output is served from 
[34mℹ[39m [90m｢wds｣[39m: Content not from webpack is served from /home/ubuntu/openvidu-tutorials/openvidu-react/public
[34mℹ[39m [90m｢wds｣[39m: 404s will fallback to /
Starting the development server...

Compiled successfully!

You can now view openvidu-react in the browser.

  Local:            http://localhost:3000
  On Your Network:  http://172.31.11.46:3000

Note that the development build is not optimized.
To create a production build, use npm run build.


> openvidu-react@2.30.0 start
> react-scripts --openssl-legacy-provider start

[34mℹ[39m [90m｢wds｣[39m: Project is running at http://172.31.11.46/
[34mℹ[39m [90m｢wds｣[39m: webpack output is served from 
[34mℹ[39m [90m｢wds｣[39m: Content not from webpack is served from /home/ubuntu/openvidu-tutorials/openvidu-react/public
[34mℹ[39m [90m｢wds｣[39m: 404s will fallback to /
Starting the development server...

Compiled successfully!

You can now view openvidu-react in the browser.

  Local:            http://localhost:3000
  On Your Network:  http://172.31.11.46:3000

Note that the development build is not optimized.
To create a production build, use npm run build.


> openvidu-react@2.30.0 start
> react-scripts --openssl-legacy-provider start

[34mℹ[39m [90m｢wds｣[39m: Project is running at http://172.31.11.46/
[34mℹ[39m [90m｢wds｣[39m: webpack output is served from 
[34mℹ[39m [90m｢wds｣[39m: Content not from webpack is served from /home/ubuntu/openvidu-tutorials/openvidu-react/public
[34mℹ[39m [90m｢wds｣[39m: 404s will fallback to /
Starting the development server...

Compiled successfully!

You can now view openvidu-react in the browser.

  Local:            http://localhost:3000
  On Your Network:  http://172.31.11.46:3000

Note that the development build is not optimized.
To create a production build, use npm run build.


> openvidu-react@2.30.0 start
> react-scripts --openssl-legacy-provider start

[34mℹ[39m [90m｢wds｣[39m: Project is running at http://172.31.11.46/
[34mℹ[39m [90m｢wds｣[39m: webpack output is served from 
[34mℹ[39m [90m｢wds｣[39m: Content not from webpack is served from /home/ubuntu/openvidu-tutorials/openvidu-react/public
[34mℹ[39m [90m｢wds｣[39m: 404s will fallback to /
Starting the development server...

Compiled successfully!

You can now view openvidu-react in the browser.

  Local:            http://localhost:3000
  On Your Network:  http://172.31.11.46:3000

Note that the development build is not optimized.
To create a production build, use npm run build.

Compiling...
Compiled successfully!
Compiling...
Compiled successfully!
Compiling...
Compiled successfully!
Compiling...
Compiled successfully!
Compiling...
Compiled successfully!
Compiling...
Compiled successfully!
Compiling...
Compiled successfully!
Compiling...
Compiled successfully!
Compiling...
Compiled successfully!
