0 verbose cli /usr/bin/node /usr/bin/npm
1 info using npm@10.7.0
2 info using node@v18.20.4
3 silly config:load:file:/usr/lib/node_modules/npm/npmrc
4 silly config:load:file:/home/ubuntu/.cache/typescript/5.6/.npmrc
5 silly config:load:file:/home/ubuntu/.npmrc
6 silly config:load:file:/usr/etc/npmrc
7 verbose title npm install @types/merge-descriptors@ts5.6 @types/prop-types@ts5.6 @types/serve-static@ts5.6
8 verbose argv "install" "--ignore-scripts" "@types/merge-descriptors@ts5.6" "@types/prop-types@ts5.6" "@types/serve-static@ts5.6" "--save-dev" "--user-agent" "typesInstaller/5.6.3"
9 verbose logfile logs-max:10 dir:/home/ubuntu/.npm/_logs/2024-11-25T11_18_58_914Z-
10 verbose logfile /home/ubuntu/.npm/_logs/2024-11-25T11_18_58_914Z-debug-0.log
11 silly logfile start cleaning logs, removing 1 files
12 silly logfile done cleaning log files
13 verbose type system
14 verbose stack FetchError: Invalid response body while trying to fetch https://registry.npmjs.org/@types%2fserve-static: ENOENT: no such file or directory, stat '/home/ubuntu/.npm/_cacache/content-v2/sha512/da/b9/3c38881e77315ee83c4273c7427e76153e999617cf34a435bd7c0b0fb84ef3d697ab6647e06ed0fa7251c0e71e41f3dbe519686dd2de1bbbca0a8d2de693'
14 verbose stack     at /usr/lib/node_modules/npm/node_modules/minipass-fetch/lib/body.js:170:15
14 verbose stack     at async Response.json (/usr/lib/node_modules/npm/node_modules/minipass-fetch/lib/body.js:75:17)
14 verbose stack     at async RegistryFetcher.packument (/usr/lib/node_modules/npm/node_modules/pacote/lib/registry.js:98:25)
14 verbose stack     at async RegistryFetcher.manifest (/usr/lib/node_modules/npm/node_modules/pacote/lib/registry.js:129:23)
14 verbose stack     at async /usr/lib/node_modules/npm/node_modules/@npmcli/arborist/lib/arborist/build-ideal-tree.js:534:22
14 verbose stack     at async Promise.all (index 2)
14 verbose stack     at async #add (/usr/lib/node_modules/npm/node_modules/@npmcli/arborist/lib/arborist/build-ideal-tree.js:523:5)
14 verbose stack     at async #applyUserRequestsToNode (/usr/lib/node_modules/npm/node_modules/@npmcli/arborist/lib/arborist/build-ideal-tree.js:492:7)
14 verbose stack     at async #applyUserRequests (/usr/lib/node_modules/npm/node_modules/@npmcli/arborist/lib/arborist/build-ideal-tree.js:427:7)
14 verbose stack     at async Arborist.buildIdealTree (/usr/lib/node_modules/npm/node_modules/@npmcli/arborist/lib/arborist/build-ideal-tree.js:202:7)
15 verbose cwd /home/ubuntu/.cache/typescript/5.6
16 verbose Linux 6.8.0-1019-aws
17 verbose node v18.20.4
18 verbose npm  v10.7.0
19 error code ENOENT
20 error syscall stat
21 error path /home/ubuntu/.npm/_cacache/content-v2/sha512/da/b9/3c38881e77315ee83c4273c7427e76153e999617cf34a435bd7c0b0fb84ef3d697ab6647e06ed0fa7251c0e71e41f3dbe519686dd2de1bbbca0a8d2de693
22 error errno ENOENT
23 error enoent Invalid response body while trying to fetch https://registry.npmjs.org/@types%2fserve-static: ENOENT: no such file or directory, stat '/home/ubuntu/.npm/_cacache/content-v2/sha512/da/b9/3c38881e77315ee83c4273c7427e76153e999617cf34a435bd7c0b0fb84ef3d697ab6647e06ed0fa7251c0e71e41f3dbe519686dd2de1bbbca0a8d2de693'
24 error enoent This is related to npm not being able to find a file.
24 error enoent
25 verbose exit 1
26 verbose code 1
27 silly unfinished npm timer reify 1732533539332
28 silly unfinished npm timer reify:loadTrees 1732533539337
29 silly unfinished npm timer idealTree:userRequests 1732533539353
30 error A complete log of this run can be found in: /home/ubuntu/.npm/_logs/2024-11-25T11_18_58_914Z-debug-0.log
