0 verbose cli /usr/bin/node /usr/bin/npm
1 info using npm@10.7.0
2 info using node@v18.20.4
3 silly config:load:file:/usr/lib/node_modules/npm/npmrc
4 silly config:load:file:/home/ubuntu/.cache/typescript/5.6/.npmrc
5 silly config:load:file:/home/ubuntu/.npmrc
6 silly config:load:file:/usr/etc/npmrc
7 verbose title npm install @types/connect@ts5.6 @types/express-serve-static-core@ts5.6 @types/qs@ts5.6
8 verbose argv "install" "--ignore-scripts" "@types/connect@ts5.6" "@types/express-serve-static-core@ts5.6" "@types/qs@ts5.6" "--save-dev" "--user-agent" "typesInstaller/5.6.3"
9 verbose logfile logs-max:10 dir:/home/ubuntu/.npm/_logs/2024-11-25T11_33_26_967Z-
10 verbose logfile /home/ubuntu/.npm/_logs/2024-11-25T11_33_26_967Z-debug-0.log
11 silly logfile start cleaning logs, removing 1 files
12 silly logfile done cleaning log files
13 http fetch GET 200 https://registry.npmjs.org/@types%2fqs 394ms (cache miss)
14 http fetch GET 200 https://registry.npmjs.org/@types%2fconnect 453ms (cache miss)
15 http fetch GET 200 https://registry.npmjs.org/@types%2fexpress-serve-static-core 456ms (cache miss)
16 silly idealTree buildDeps
17 silly fetch manifest @types/qs@6.9.17
18 silly fetch manifest @types/connect@3.4.38
19 silly fetch manifest @types/express-serve-static-core@5.0.2
20 silly placeDep ROOT @types/connect@3.4.38 OK for:  want: 3.4.38
21 silly placeDep ROOT @types/express-serve-static-core@5.0.2 OK for:  want: 5.0.2
22 silly placeDep ROOT @types/qs@6.9.17 OK for:  want: 6.9.17
23 silly fetch manifest @types/node@*
24 silly fetch manifest @types/qs@*
25 silly fetch manifest @types/send@*
26 silly fetch manifest @types/range-parser@*
27 silly placeDep node_modules/@types/connect @types/node@ OK for: @types/connect@3.4.38 want: *
28 silly placeDep node_modules/@types/express-serve-static-core @types/node@ OK for: @types/express-serve-static-core@5.0.2 want: *
29 silly placeDep node_modules/@types/express-serve-static-core @types/range-parser@ OK for: @types/express-serve-static-core@5.0.2 want: *
30 silly placeDep node_modules/@types/express-serve-static-core @types/send@ OK for: @types/express-serve-static-core@5.0.2 want: *
31 verbose type system
32 verbose stack FetchError: Invalid response body while trying to fetch https://registry.npmjs.org/@types%2fnode: ENOENT: no such file or directory, stat '/home/ubuntu/.npm/_cacache/content-v2/sha512/fe/fd/0819d6ff65ed3ae757997b2f00141e3439b8a862b9934d5a71c9d5542d3a9acdfa8c26c79e60bdd72119bd94c673c708d88eb08e5c5dd83e9c49515d8350'
32 verbose stack     at /usr/lib/node_modules/npm/node_modules/minipass-fetch/lib/body.js:170:15
32 verbose stack     at async Response.json (/usr/lib/node_modules/npm/node_modules/minipass-fetch/lib/body.js:75:17)
32 verbose stack     at async RegistryFetcher.packument (/usr/lib/node_modules/npm/node_modules/pacote/lib/registry.js:98:25)
32 verbose stack     at async RegistryFetcher.manifest (/usr/lib/node_modules/npm/node_modules/pacote/lib/registry.js:129:23)
33 verbose cwd /home/ubuntu/.cache/typescript/5.6
34 verbose Linux 6.8.0-1019-aws
35 verbose node v18.20.4
36 verbose npm  v10.7.0
37 error code ENOENT
38 error syscall stat
39 error path /home/ubuntu/.npm/_cacache/content-v2/sha512/fe/fd/0819d6ff65ed3ae757997b2f00141e3439b8a862b9934d5a71c9d5542d3a9acdfa8c26c79e60bdd72119bd94c673c708d88eb08e5c5dd83e9c49515d8350
40 error errno ENOENT
41 error enoent Invalid response body while trying to fetch https://registry.npmjs.org/@types%2fnode: ENOENT: no such file or directory, stat '/home/ubuntu/.npm/_cacache/content-v2/sha512/fe/fd/0819d6ff65ed3ae757997b2f00141e3439b8a862b9934d5a71c9d5542d3a9acdfa8c26c79e60bdd72119bd94c673c708d88eb08e5c5dd83e9c49515d8350'
42 error enoent This is related to npm not being able to find a file.
42 error enoent
43 verbose exit 1
44 verbose code 1
45 silly unfinished npm timer reify 1732534407452
46 silly unfinished npm timer reify:loadTrees 1732534407457
47 error A complete log of this run can be found in: /home/ubuntu/.npm/_logs/2024-11-25T11_33_26_967Z-debug-0.log
