0 verbose cli /usr/bin/node /usr/bin/npm
1 info using npm@10.7.0
2 info using node@v18.20.4
3 silly config:load:file:/usr/lib/node_modules/npm/npmrc
4 silly config:load:file:/home/ubuntu/.cache/typescript/5.6/.npmrc
5 silly config:load:file:/home/ubuntu/.npmrc
6 silly config:load:file:/usr/etc/npmrc
7 verbose title npm install types-registry@latest
8 verbose argv "install" "--ignore-scripts" "types-registry@latest"
9 verbose logfile logs-max:10 dir:/home/ubuntu/.npm/_logs/2024-11-25T07_08_13_220Z-
10 verbose logfile /home/ubuntu/.npm/_logs/2024-11-25T07_08_13_220Z-debug-0.log
11 silly logfile done cleaning log files
12 http fetch GET 200 https://registry.npmjs.org/types-registry 147ms (cache revalidated)
13 silly idealTree buildDeps
14 silly fetch manifest types-registry@0.1.696
15 silly placeDep ROOT types-registry@0.1.696 REPLACE for:  want: 0.1.696
16 silly reify moves {}
17 silly audit bulk request {
17 silly audit   '@types/body-parser': [ '1.19.5' ],
17 silly audit   '@types/connect': [ '3.4.38' ],
17 silly audit   '@types/express': [ '5.0.0' ],
17 silly audit   '@types/express-serve-static-core': [ '5.0.2' ],
17 silly audit   '@types/http-errors': [ '2.0.4' ],
17 silly audit   '@types/merge-descriptors': [ '1.0.3' ],
17 silly audit   '@types/mime': [ '1.3.5' ],
17 silly audit   '@types/node': [ '22.9.3' ],
17 silly audit   '@types/prop-types': [ '15.7.13' ],
17 silly audit   '@types/qs': [ '6.9.17' ],
17 silly audit   '@types/range-parser': [ '1.2.7' ],
17 silly audit   '@types/react': [ '18.3.12' ],
17 silly audit   '@types/send': [ '0.17.4' ],
17 silly audit   '@types/serve-static': [ '1.15.7' ],
17 silly audit   csstype: [ '3.1.3' ],
17 silly audit   'undici-types': [ '6.19.8' ],
17 silly audit   'types-registry': [ '0.1.696' ]
17 silly audit }
18 http fetch POST 200 https://registry.npmjs.org/-/npm/v1/security/advisories/bulk 159ms
19 silly audit report {}
20 verbose exit 0
21 info ok
