0 verbose cli /usr/bin/node /usr/bin/npm
1 info using npm@10.7.0
2 info using node@v18.20.4
3 silly config:load:file:/usr/lib/node_modules/npm/npmrc
4 silly config:load:file:/home/ubuntu/.cache/typescript/5.6/.npmrc
5 silly config:load:file:/home/ubuntu/.npmrc
6 silly config:load:file:/usr/etc/npmrc
7 verbose title npm install @types/bcryptjs@ts5.6 @types/body-parser@ts5.6 @types/cors@ts5.6 @types/express@ts5.6 @types/jsonwebtoken@ts5.6 @types/multer@ts5.6 @types/uuid@ts5.6 @types/jws@ts5.6 @types/lodash.includes@ts5.6 @types/lodash.isboolean@ts5.6 @types/lodash.isinteger@ts5.6 @types/lodash.isnumber@ts5.6 @types/lodash.isplainobject@ts5.6 @types/lodash.isstring@ts5.6 @types/lodash.once@ts5.6
8 verbose argv "install" "--ignore-scripts" "@types/bcryptjs@ts5.6" "@types/body-parser@ts5.6" "@types/cors@ts5.6" "@types/express@ts5.6" "@types/jsonwebtoken@ts5.6" "@types/multer@ts5.6" "@types/uuid@ts5.6" "@types/jws@ts5.6" "@types/lodash.includes@ts5.6" "@types/lodash.isboolean@ts5.6" "@types/lodash.isinteger@ts5.6" "@types/lodash.isnumber@ts5.6" "@types/lodash.isplainobject@ts5.6" "@types/lodash.isstring@ts5.6" "@types/lodash.once@ts5.6" "--save-dev" "--user-agent" "typesInstaller/5.6.3"
9 verbose logfile logs-max:10 dir:/home/ubuntu/.npm/_logs/2024-11-25T07_52_43_743Z-
10 verbose logfile /home/ubuntu/.npm/_logs/2024-11-25T07_52_43_743Z-debug-0.log
11 silly logfile done cleaning log files
12 http fetch GET 200 https://registry.npmjs.org/@types%2fbcryptjs 351ms (cache miss)
13 http fetch GET 200 https://registry.npmjs.org/@types%2flodash.isnumber 350ms (cache miss)
14 http fetch GET 200 https://registry.npmjs.org/@types%2flodash.isinteger 352ms (cache miss)
15 http fetch GET 200 https://registry.npmjs.org/@types%2flodash.isboolean 355ms (cache miss)
16 http fetch GET 200 https://registry.npmjs.org/@types%2flodash.includes 356ms (cache miss)
17 http fetch GET 200 https://registry.npmjs.org/@types%2flodash.isplainobject 355ms (cache miss)
18 http fetch GET 200 https://registry.npmjs.org/@types%2flodash.once 358ms (cache miss)
19 http fetch GET 200 https://registry.npmjs.org/@types%2flodash.isstring 360ms (cache miss)
20 http fetch GET 200 https://registry.npmjs.org/@types%2fcors 367ms (cache miss)
21 http fetch GET 200 https://registry.npmjs.org/@types%2fmulter 370ms (cache miss)
22 http fetch GET 200 https://registry.npmjs.org/@types%2fbody-parser 375ms (cache revalidated)
23 http fetch GET 200 https://registry.npmjs.org/@types%2fexpress 375ms (cache revalidated)
24 http fetch GET 200 https://registry.npmjs.org/@types%2fuuid 375ms (cache miss)
25 http fetch GET 200 https://registry.npmjs.org/@types%2fjsonwebtoken 377ms (cache miss)
26 http fetch GET 200 https://registry.npmjs.org/@types%2fjws 1140ms (cache miss)
27 silly idealTree buildDeps
28 silly fetch manifest @types/body-parser@1.19.5
29 silly fetch manifest @types/express@5.0.0
30 silly fetch manifest @types/bcryptjs@2.4.6
31 silly fetch manifest @types/lodash.isnumber@3.0.9
32 silly fetch manifest @types/lodash.isinteger@4.0.9
33 silly fetch manifest @types/lodash.isboolean@3.0.9
34 silly fetch manifest @types/lodash.includes@4.3.9
35 silly fetch manifest @types/lodash.isplainobject@4.0.9
36 silly fetch manifest @types/lodash.once@4.1.9
37 silly fetch manifest @types/lodash.isstring@4.0.9
38 silly fetch manifest @types/cors@2.8.17
39 silly fetch manifest @types/multer@1.4.12
40 silly fetch manifest @types/uuid@10.0.0
41 silly fetch manifest @types/jsonwebtoken@9.0.7
42 silly fetch manifest @types/jws@3.2.10
43 silly placeDep ROOT @types/bcryptjs@2.4.6 OK for:  want: 2.4.6
44 silly placeDep ROOT @types/body-parser@1.19.5 REPLACE for:  want: 1.19.5
45 silly placeDep ROOT @types/cors@2.8.17 OK for:  want: 2.8.17
46 silly placeDep ROOT @types/express@5.0.0 REPLACE for:  want: 5.0.0
47 silly placeDep ROOT @types/jsonwebtoken@9.0.7 OK for:  want: 9.0.7
48 silly placeDep ROOT @types/jws@3.2.10 OK for:  want: 3.2.10
49 silly placeDep ROOT @types/lodash.includes@4.3.9 OK for:  want: 4.3.9
50 silly placeDep ROOT @types/lodash.isboolean@3.0.9 OK for:  want: 3.0.9
51 silly placeDep ROOT @types/lodash.isinteger@4.0.9 OK for:  want: 4.0.9
52 silly placeDep ROOT @types/lodash.isnumber@3.0.9 OK for:  want: 3.0.9
53 silly placeDep ROOT @types/lodash.isplainobject@4.0.9 OK for:  want: 4.0.9
54 silly placeDep ROOT @types/lodash.isstring@4.0.9 OK for:  want: 4.0.9
55 silly placeDep ROOT @types/lodash.once@4.1.9 OK for:  want: 4.1.9
56 silly placeDep ROOT @types/multer@1.4.12 OK for:  want: 1.4.12
57 silly placeDep ROOT @types/uuid@10.0.0 OK for:  want: 10.0.0
58 silly fetch manifest @types/lodash@*
59 http fetch GET 200 https://registry.npmjs.org/@types%2flodash 41ms (cache miss)
60 silly placeDep ROOT @types/lodash@4.17.13 OK for: @types/lodash.includes@4.3.9 want: *
61 silly reify moves {}
62 silly audit bulk request {
62 silly audit   '@types/connect': [ '3.4.38' ],
62 silly audit   '@types/express-serve-static-core': [ '5.0.2' ],
62 silly audit   '@types/hoist-non-react-statics': [ '3.3.5' ],
62 silly audit   '@types/http-errors': [ '2.0.4' ],
62 silly audit   '@types/merge-descriptors': [ '1.0.3' ],
62 silly audit   '@types/mime': [ '1.3.5' ],
62 silly audit   '@types/node': [ '22.9.3' ],
62 silly audit   '@types/prop-types': [ '15.7.13' ],
62 silly audit   '@types/qs': [ '6.9.17' ],
62 silly audit   '@types/range-parser': [ '1.2.7' ],
62 silly audit   '@types/react': [ '18.3.12' ],
62 silly audit   '@types/send': [ '0.17.4' ],
62 silly audit   '@types/serve-static': [ '1.15.7' ],
62 silly audit   '@types/styled-components': [ '5.1.34' ],
62 silly audit   csstype: [ '3.1.3' ],
62 silly audit   'hoist-non-react-statics': [ '3.3.2' ],
62 silly audit   'react-is': [ '16.13.1' ],
62 silly audit   'types-registry': [ '0.1.696' ],
62 silly audit   'undici-types': [ '6.19.8' ],
62 silly audit   '@types/bcryptjs': [ '2.4.6' ],
62 silly audit   '@types/body-parser': [ '1.19.5' ],
62 silly audit   '@types/cors': [ '2.8.17' ],
62 silly audit   '@types/express': [ '5.0.0' ],
62 silly audit   '@types/jsonwebtoken': [ '9.0.7' ],
62 silly audit   '@types/jws': [ '3.2.10' ],
62 silly audit   '@types/lodash.includes': [ '4.3.9' ],
62 silly audit   '@types/lodash.isboolean': [ '3.0.9' ],
62 silly audit   '@types/lodash.isinteger': [ '4.0.9' ],
62 silly audit   '@types/lodash.isnumber': [ '3.0.9' ],
62 silly audit   '@types/lodash.isplainobject': [ '4.0.9' ],
62 silly audit   '@types/lodash.isstring': [ '4.0.9' ],
62 silly audit   '@types/lodash.once': [ '4.1.9' ],
62 silly audit   '@types/multer': [ '1.4.12' ],
62 silly audit   '@types/uuid': [ '10.0.0' ],
62 silly audit   '@types/lodash': [ '4.17.13' ]
62 silly audit }
63 silly tarball no local data for @types/uuid@https://registry.npmjs.org/@types/uuid/-/uuid-10.0.0.tgz. Extracting by manifest.
64 silly tarball no local data for @types/lodash.once@https://registry.npmjs.org/@types/lodash.once/-/lodash.once-4.1.9.tgz. Extracting by manifest.
65 silly tarball no local data for @types/lodash@https://registry.npmjs.org/@types/lodash/-/lodash-4.17.13.tgz. Extracting by manifest.
66 silly tarball no local data for @types/multer@https://registry.npmjs.org/@types/multer/-/multer-1.4.12.tgz. Extracting by manifest.
67 silly tarball no local data for @types/lodash.isplainobject@https://registry.npmjs.org/@types/lodash.isplainobject/-/lodash.isplainobject-4.0.9.tgz. Extracting by manifest.
68 silly tarball no local data for @types/lodash.isnumber@https://registry.npmjs.org/@types/lodash.isnumber/-/lodash.isnumber-3.0.9.tgz. Extracting by manifest.
69 silly tarball no local data for @types/lodash.isstring@https://registry.npmjs.org/@types/lodash.isstring/-/lodash.isstring-4.0.9.tgz. Extracting by manifest.
70 silly tarball no local data for @types/lodash.isboolean@https://registry.npmjs.org/@types/lodash.isboolean/-/lodash.isboolean-3.0.9.tgz. Extracting by manifest.
71 silly tarball no local data for @types/lodash.includes@https://registry.npmjs.org/@types/lodash.includes/-/lodash.includes-4.3.9.tgz. Extracting by manifest.
72 silly tarball no local data for @types/jws@https://registry.npmjs.org/@types/jws/-/jws-3.2.10.tgz. Extracting by manifest.
73 silly tarball no local data for @types/jsonwebtoken@https://registry.npmjs.org/@types/jsonwebtoken/-/jsonwebtoken-9.0.7.tgz. Extracting by manifest.
74 silly tarball no local data for @types/lodash.isinteger@https://registry.npmjs.org/@types/lodash.isinteger/-/lodash.isinteger-4.0.9.tgz. Extracting by manifest.
75 silly tarball no local data for @types/cors@https://registry.npmjs.org/@types/cors/-/cors-2.8.17.tgz. Extracting by manifest.
76 silly tarball no local data for @types/bcryptjs@https://registry.npmjs.org/@types/bcryptjs/-/bcryptjs-2.4.6.tgz. Extracting by manifest.
77 http fetch POST 200 https://registry.npmjs.org/-/npm/v1/security/advisories/bulk 171ms
78 silly audit report {}
79 http fetch GET 200 https://registry.npmjs.org/@types/uuid/-/uuid-10.0.0.tgz 160ms (cache miss)
80 http fetch GET 200 https://registry.npmjs.org/@types/lodash.isplainobject/-/lodash.isplainobject-4.0.9.tgz 157ms (cache miss)
81 http fetch GET 200 https://registry.npmjs.org/@types/lodash.isnumber/-/lodash.isnumber-3.0.9.tgz 157ms (cache miss)
82 http fetch GET 200 https://registry.npmjs.org/@types/lodash.includes/-/lodash.includes-4.3.9.tgz 154ms (cache miss)
83 http fetch GET 200 https://registry.npmjs.org/@types/lodash.isinteger/-/lodash.isinteger-4.0.9.tgz 151ms (cache miss)
84 http fetch GET 200 https://registry.npmjs.org/@types/lodash.isboolean/-/lodash.isboolean-3.0.9.tgz 157ms (cache miss)
85 http fetch GET 200 https://registry.npmjs.org/@types/multer/-/multer-1.4.12.tgz 161ms (cache miss)
86 http fetch GET 200 https://registry.npmjs.org/@types/jsonwebtoken/-/jsonwebtoken-9.0.7.tgz 154ms (cache miss)
87 http fetch GET 200 https://registry.npmjs.org/@types/lodash.once/-/lodash.once-4.1.9.tgz 163ms (cache miss)
88 http fetch GET 200 https://registry.npmjs.org/@types/lodash.isstring/-/lodash.isstring-4.0.9.tgz 160ms (cache miss)
89 http fetch GET 200 https://registry.npmjs.org/@types/cors/-/cors-2.8.17.tgz 154ms (cache miss)
90 http fetch GET 200 https://registry.npmjs.org/@types/bcryptjs/-/bcryptjs-2.4.6.tgz 154ms (cache miss)
91 http fetch GET 200 https://registry.npmjs.org/@types/lodash/-/lodash-4.17.13.tgz 406ms (cache miss)
92 http fetch GET 200 https://registry.npmjs.org/@types/jws/-/jws-3.2.10.tgz 486ms (cache miss)
93 silly ADD node_modules/@types/lodash
94 silly ADD node_modules/@types/uuid
95 silly ADD node_modules/@types/multer
96 silly ADD node_modules/@types/lodash.once
97 silly ADD node_modules/@types/lodash.isstring
98 silly ADD node_modules/@types/lodash.isplainobject
99 silly ADD node_modules/@types/lodash.isnumber
100 silly ADD node_modules/@types/lodash.isinteger
101 silly ADD node_modules/@types/lodash.isboolean
102 silly ADD node_modules/@types/lodash.includes
103 silly ADD node_modules/@types/jws
104 silly ADD node_modules/@types/jsonwebtoken
105 silly ADD node_modules/@types/cors
106 silly ADD node_modules/@types/bcryptjs
107 verbose exit 0
108 info ok
