0 verbose cli /usr/bin/node /usr/bin/npm
1 info using npm@10.7.0
2 info using node@v18.20.4
3 silly config:load:file:/usr/lib/node_modules/npm/npmrc
4 silly config:load:file:/home/ubuntu/.cache/typescript/5.6/.npmrc
5 silly config:load:file:/home/ubuntu/.npmrc
6 silly config:load:file:/usr/etc/npmrc
7 verbose title npm install @types/react-dom@ts5.6 @types/scheduler@ts5.6
8 verbose argv "install" "--ignore-scripts" "@types/react-dom@ts5.6" "@types/scheduler@ts5.6" "--save-dev" "--user-agent" "typesInstaller/5.6.3"
9 verbose logfile logs-max:10 dir:/home/ubuntu/.npm/_logs/2024-11-25T08_11_40_797Z-
10 verbose logfile /home/ubuntu/.npm/_logs/2024-11-25T08_11_40_797Z-debug-0.log
11 silly logfile start cleaning logs, removing 1 files
12 silly logfile done cleaning log files
13 http fetch GET 200 https://registry.npmjs.org/@types%2fscheduler 183ms (cache miss)
14 http fetch GET 200 https://registry.npmjs.org/@types%2freact-dom 197ms (cache miss)
15 silly idealTree buildDeps
16 silly fetch manifest @types/scheduler@0.23.0
17 silly fetch manifest @types/react-dom@18.3.1
18 silly placeDep ROOT @types/react-dom@18.3.1 OK for:  want: 18.3.1
19 silly placeDep ROOT @types/scheduler@0.23.0 OK for:  want: 0.23.0
20 silly reify moves {}
21 silly audit bulk request {
21 silly audit   '@types/bcryptjs': [ '2.4.6' ],
21 silly audit   '@types/body-parser': [ '1.19.5' ],
21 silly audit   '@types/connect': [ '3.4.38' ],
21 silly audit   '@types/cors': [ '2.8.17' ],
21 silly audit   '@types/express': [ '5.0.0' ],
21 silly audit   '@types/express-serve-static-core': [ '5.0.2' ],
21 silly audit   '@types/hoist-non-react-statics': [ '3.3.5' ],
21 silly audit   '@types/http-errors': [ '2.0.4' ],
21 silly audit   '@types/jsonwebtoken': [ '9.0.7' ],
21 silly audit   '@types/jws': [ '3.2.10' ],
21 silly audit   '@types/lodash': [ '4.17.13' ],
21 silly audit   '@types/lodash.includes': [ '4.3.9' ],
21 silly audit   '@types/lodash.isboolean': [ '3.0.9' ],
21 silly audit   '@types/lodash.isinteger': [ '4.0.9' ],
21 silly audit   '@types/lodash.isnumber': [ '3.0.9' ],
21 silly audit   '@types/lodash.isplainobject': [ '4.0.9' ],
21 silly audit   '@types/lodash.isstring': [ '4.0.9' ],
21 silly audit   '@types/lodash.once': [ '4.1.9' ],
21 silly audit   '@types/merge-descriptors': [ '1.0.3' ],
21 silly audit   '@types/mime': [ '1.3.5' ],
21 silly audit   '@types/multer': [ '1.4.12' ],
21 silly audit   '@types/node': [ '22.9.3' ],
21 silly audit   '@types/prop-types': [ '15.7.13' ],
21 silly audit   '@types/qs': [ '6.9.17' ],
21 silly audit   '@types/range-parser': [ '1.2.7' ],
21 silly audit   '@types/react': [ '18.3.12' ],
21 silly audit   '@types/send': [ '0.17.4' ],
21 silly audit   '@types/serve-static': [ '1.15.7' ],
21 silly audit   '@types/styled-components': [ '5.1.34' ],
21 silly audit   '@types/uuid': [ '10.0.0' ],
21 silly audit   csstype: [ '3.1.3' ],
21 silly audit   'hoist-non-react-statics': [ '3.3.2' ],
21 silly audit   'react-is': [ '16.13.1' ],
21 silly audit   'types-registry': [ '0.1.696' ],
21 silly audit   'undici-types': [ '6.19.8' ],
21 silly audit   '@types/react-dom': [ '18.3.1' ],
21 silly audit   '@types/scheduler': [ '0.23.0' ]
21 silly audit }
22 silly tarball no local data for @types/scheduler@https://registry.npmjs.org/@types/scheduler/-/scheduler-0.23.0.tgz. Extracting by manifest.
23 silly tarball no local data for @types/react-dom@https://registry.npmjs.org/@types/react-dom/-/react-dom-18.3.1.tgz. Extracting by manifest.
24 http fetch GET 200 https://registry.npmjs.org/@types/scheduler/-/scheduler-0.23.0.tgz 55ms (cache miss)
25 http fetch GET 200 https://registry.npmjs.org/@types/react-dom/-/react-dom-18.3.1.tgz 69ms (cache miss)
26 http fetch POST 200 https://registry.npmjs.org/-/npm/v1/security/advisories/bulk 141ms
27 silly audit report {}
28 silly ADD node_modules/@types/scheduler
29 silly ADD node_modules/@types/react-dom
30 verbose exit 0
31 info ok
