0 verbose cli /usr/bin/node /usr/bin/npm
1 info using npm@10.7.0
2 info using node@v18.20.4
3 silly config:load:file:/usr/lib/node_modules/npm/npmrc
4 silly config:load:file:/home/ubuntu/.cache/typescript/5.6/.npmrc
5 silly config:load:file:/home/ubuntu/.npmrc
6 silly config:load:file:/usr/etc/npmrc
7 verbose title npm install @types/styled-components@ts5.6
8 verbose argv "install" "--ignore-scripts" "@types/styled-components@ts5.6" "--save-dev" "--user-agent" "typesInstaller/5.6.3"
9 verbose logfile logs-max:10 dir:/home/ubuntu/.npm/_logs/2024-11-25T07_14_08_693Z-
10 verbose logfile /home/ubuntu/.npm/_logs/2024-11-25T07_14_08_693Z-debug-0.log
11 silly logfile done cleaning log files
12 http fetch GET 200 https://registry.npmjs.org/@types%2fstyled-components 223ms (cache miss)
13 silly idealTree buildDeps
14 silly fetch manifest @types/styled-components@5.1.34
15 silly placeDep ROOT @types/styled-components@5.1.34 OK for:  want: 5.1.34
16 silly fetch manifest @types/hoist-non-react-statics@*
17 http fetch GET 200 https://registry.npmjs.org/@types%2fhoist-non-react-statics 78ms (cache miss)
18 silly placeDep ROOT @types/hoist-non-react-statics@3.3.5 OK for: @types/styled-components@5.1.34 want: *
19 silly fetch manifest hoist-non-react-statics@^3.3.0
20 http fetch GET 200 https://registry.npmjs.org/hoist-non-react-statics 45ms (cache miss)
21 silly placeDep ROOT hoist-non-react-statics@3.3.2 OK for: @types/hoist-non-react-statics@3.3.5 want: ^3.3.0
22 silly fetch manifest react-is@^16.7.0
23 http fetch GET 200 https://registry.npmjs.org/react-is 103ms (cache miss)
24 silly placeDep ROOT react-is@16.13.1 OK for: hoist-non-react-statics@3.3.2 want: ^16.7.0
25 silly reify moves {}
26 silly audit bulk request {
26 silly audit   '@types/body-parser': [ '1.19.5' ],
26 silly audit   '@types/connect': [ '3.4.38' ],
26 silly audit   '@types/express': [ '5.0.0' ],
26 silly audit   '@types/express-serve-static-core': [ '5.0.2' ],
26 silly audit   '@types/http-errors': [ '2.0.4' ],
26 silly audit   '@types/merge-descriptors': [ '1.0.3' ],
26 silly audit   '@types/mime': [ '1.3.5' ],
26 silly audit   '@types/node': [ '22.9.3' ],
26 silly audit   '@types/prop-types': [ '15.7.13' ],
26 silly audit   '@types/qs': [ '6.9.17' ],
26 silly audit   '@types/range-parser': [ '1.2.7' ],
26 silly audit   '@types/react': [ '18.3.12' ],
26 silly audit   '@types/send': [ '0.17.4' ],
26 silly audit   '@types/serve-static': [ '1.15.7' ],
26 silly audit   csstype: [ '3.1.3' ],
26 silly audit   'types-registry': [ '0.1.696' ],
26 silly audit   'undici-types': [ '6.19.8' ],
26 silly audit   '@types/styled-components': [ '5.1.34' ],
26 silly audit   '@types/hoist-non-react-statics': [ '3.3.5' ],
26 silly audit   'hoist-non-react-statics': [ '3.3.2' ],
26 silly audit   'react-is': [ '16.13.1' ]
26 silly audit }
27 silly tarball no local data for @types/styled-components@https://registry.npmjs.org/@types/styled-components/-/styled-components-5.1.34.tgz. Extracting by manifest.
28 silly tarball no local data for hoist-non-react-statics@https://registry.npmjs.org/hoist-non-react-statics/-/hoist-non-react-statics-3.3.2.tgz. Extracting by manifest.
29 silly tarball no local data for @types/hoist-non-react-statics@https://registry.npmjs.org/@types/hoist-non-react-statics/-/hoist-non-react-statics-3.3.5.tgz. Extracting by manifest.
30 silly tarball no local data for react-is@https://registry.npmjs.org/react-is/-/react-is-16.13.1.tgz. Extracting by manifest.
31 http fetch GET 200 https://registry.npmjs.org/@types/hoist-non-react-statics/-/hoist-non-react-statics-3.3.5.tgz 94ms (cache miss)
32 http fetch GET 200 https://registry.npmjs.org/@types/styled-components/-/styled-components-5.1.34.tgz 99ms (cache miss)
33 http fetch GET 200 https://registry.npmjs.org/react-is/-/react-is-16.13.1.tgz 98ms (cache miss)
34 http fetch GET 200 https://registry.npmjs.org/hoist-non-react-statics/-/hoist-non-react-statics-3.3.2.tgz 100ms (cache miss)
35 http fetch POST 200 https://registry.npmjs.org/-/npm/v1/security/advisories/bulk 150ms
36 silly audit report {}
37 silly ADD node_modules/react-is
38 silly ADD node_modules/hoist-non-react-statics
39 silly ADD node_modules/@types/hoist-non-react-statics
40 silly ADD node_modules/@types/styled-components
41 verbose exit 0
42 info ok
